::1 - - [16/Apr/2024:22:05:56 +0200] "GET /dolibarr/install/default.css HTTP/1.1" 200 9994
::1 - - [16/Apr/2024:22:05:56 +0200] "GET /dolibarr/theme/dolibarr_logo.svg HTTP/1.1" 200 13512
::1 - - [16/Apr/2024:22:05:56 +0200] "GET /dolibarr/includes/jquery/css/base/jquery-ui.min.css HTTP/1.1" 200 30724
::1 - - [16/Apr/2024:22:05:56 +0200] "GET /dolibarr/install/ HTTP/1.1" 200 28592
::1 - - [16/Apr/2024:22:05:56 +0200] "GET /dolibarr/includes/jquery/js/jquery-ui.min.js HTTP/1.1" 200 255084
::1 - - [16/Apr/2024:22:05:56 +0200] "GET /dolibarr/includes/jquery/js/jquery.min.js HTTP/1.1" 200 89795
::1 - - [16/Apr/2024:22:05:56 +0200] "GET /favicon.ico HTTP/1.1" 404 281
::1 - - [16/Apr/2024:22:06:20 +0200] "GET /dolibarr/theme/eldy/img/tick.png HTTP/1.1" 200 204
::1 - - [16/Apr/2024:22:06:20 +0200] "GET /dolibarr/theme/common/octicons/build/svg/gear.svg HTTP/1.1" 200 457
::1 - - [16/Apr/2024:22:06:19 +0200] "POST /dolibarr/install/check.php HTTP/1.1" 200 16300
::1 - - [16/Apr/2024:22:06:25 +0200] "GET /dolibarr/theme/common/octicons/build/svg/globe.svg HTTP/1.1" 200 1874
::1 - - [16/Apr/2024:22:06:25 +0200] "GET /dolibarr/theme/common/octicons/build/svg/database.svg HTTP/1.1" 200 524
::1 - - [16/Apr/2024:22:06:25 +0200] "GET /dolibarr/theme/common/octicons/build/svg/shield.svg HTTP/1.1" 200 330
::1 - - [16/Apr/2024:22:06:25 +0200] "GET /dolibarr/install/fileconf.php?selectlang=fr_BE HTTP/1.1" 200 13269
::1 - - [16/Apr/2024:22:06:38 +0200] "POST /dolibarr/install/step1.php HTTP/1.1" 200 3312
::1 - - [16/Apr/2024:22:06:43 +0200] "POST /dolibarr/install/step2.php HTTP/1.1" 200 1308974
::1 - - [16/Apr/2024:22:07:32 +0200] "POST /dolibarr/install/step4.php HTTP/1.1" 200 3093
::1 - - [16/Apr/2024:22:07:32 +0200] "GET /dolibarr/theme/common/octicons/build/svg/key.svg HTTP/1.1" 200 461
::1 - - [16/Apr/2024:22:07:38 +0200] "-" 408 -
::1 - - [16/Apr/2024:22:07:47 +0200] "POST /dolibarr/install/step5.php HTTP/1.1" 200 15079
::1 - - [16/Apr/2024:22:07:58 +0200] "GET /dolibarr/admin/index.php?mainmenu=home&leftmenu=setup&username=admin HTTP/1.1" 200 6701
::1 - - [16/Apr/2024:22:07:59 +0200] "GET /dolibarr/includes/jquery/plugins/select2/dist/css/select2.css?layout=classic&version=19.0.1 HTTP/1.1" 200 17389
::1 - - [16/Apr/2024:22:07:59 +0200] "GET /dolibarr/includes/jquery/js/jquery.min.js?layout=classic&version=19.0.1 HTTP/1.1" 200 89795
::1 - - [16/Apr/2024:22:07:59 +0200] "GET /dolibarr/includes/jquery/plugins/jnotify/jquery.jnotify-alt.min.css?layout=classic&version=19.0.1 HTTP/1.1" 200 2297
::1 - - [16/Apr/2024:22:07:59 +0200] "GET /dolibarr/includes/jquery/css/base/jquery-ui.css?layout=classic&version=19.0.1 HTTP/1.1" 200 35973
::1 - - [16/Apr/2024:22:07:59 +0200] "GET /dolibarr/theme/common/fontawesome-5/css/all.min.css?layout=classic&version=19.0.1 HTTP/1.1" 200 58578
::1 - - [16/Apr/2024:22:07:59 +0200] "GET /dolibarr/includes/jquery/js/jquery-ui.min.js?layout=classic&version=19.0.1 HTTP/1.1" 200 255084
::1 - - [16/Apr/2024:22:07:59 +0200] "GET /dolibarr/includes/jquery/plugins/jnotify/jquery.jnotify.min.js?layout=classic&version=19.0.1 HTTP/1.1" 200 3098
::1 - - [16/Apr/2024:22:07:59 +0200] "GET /dolibarr/includes/jquery/plugins/multiselect/jquery.multi-select.js?layout=classic&version=19.0.1 HTTP/1.1" 200 10177
::1 - - [16/Apr/2024:22:07:59 +0200] "GET /dolibarr/includes/jstz/jstz.min.js?lang=fr_BE HTTP/1.1" 200 12076
::1 - - [16/Apr/2024:22:07:59 +0200] "GET /dolibarr/includes/jquery/plugins/select2/dist/js/select2.full.min.js?layout=classic&version=19.0.1 HTTP/1.1" 200 79212
::1 - - [16/Apr/2024:22:07:59 +0200] "GET /dolibarr/core/js/dst.js?lang=fr_BE HTTP/1.1" 200 6273
::1 - - [16/Apr/2024:22:07:59 +0200] "GET /dolibarr/core/js/lib_head.js.php?lang=fr_BE&layout=classic&version=19.0.1 HTTP/1.1" 200 39222
::1 - - [16/Apr/2024:22:07:59 +0200] "GET /dolibarr/theme/eldy/style.css.php?lang=fr_BE&theme=eldy&entity=1&layout=classic&version=19.0.1&revision=0 HTTP/1.1" 200 266484
::1 - - [16/Apr/2024:22:08:00 +0200] "GET /dolibarr/theme/common/fontawesome-5/webfonts/fa-solid-900.woff2 HTTP/1.1" 200 79444
::1 - - [16/Apr/2024:22:08:00 +0200] "GET /dolibarr/theme/dolibarr_256x256_color.png HTTP/1.1" 200 3464
::1 - - [16/Apr/2024:22:08:00 +0200] "GET /dolibarr/theme/eldy/manifest.json.php HTTP/1.1" 200 343
::1 - - [16/Apr/2024:22:08:07 +0200] "GET /dolibarr/public/theme/common/user_anonymous.png HTTP/1.1" 200 15184
::1 - - [16/Apr/2024:22:08:07 +0200] "GET /dolibarr/includes/nnnick/chartjs/dist/chart.min.js?layout=classic&version=19.0.1 HTTP/1.1" 200 195623
::1 - - [16/Apr/2024:22:08:07 +0200] "GET /dolibarr/includes/jquery/plugins/tablednd/jquery.tablednd.min.js?layout=classic&version=19.0.1 HTTP/1.1" 200 9519
::1 - - [16/Apr/2024:22:08:07 +0200] "GET /dolibarr/includes/ckeditor/ckeditor/ckeditor.js?layout=classic&version=19.0.1 HTTP/1.1" 200 760167
::1 - - [16/Apr/2024:22:08:06 +0200] "POST /dolibarr/admin/index.php?mainmenu=home&leftmenu=setup& HTTP/1.1" 200 28136
::1 - - [16/Apr/2024:22:08:07 +0200] "GET /dolibarr/theme/eldy/style.css.php?lang=fr_BE&theme=eldy&userid=1&entity=1&layout=classic&version=19.0.1&revision=0&dol_hide_topmenu=&dol_hide_leftmenu=&dol_optimize_smallscreen=&dol_no_mouse_hover=&dol_use_jmobile= HTTP/1.1" 200 266491
::1 - - [16/Apr/2024:22:08:08 +0200] "GET /dolibarr/theme/eldy/img/logo_setup.svg HTTP/1.1" 200 32059
::1 - - [16/Apr/2024:22:08:08 +0200] "GET /dolibarr/core/js/lib_foot.js.php?lang=fr_BE&layout=classic&version=19.0.1 HTTP/1.1" 200 13190
::1 - - [16/Apr/2024:22:08:19 +0200] "GET /dolibarr/core/tools.php?mainmenu=tools&leftmenu= HTTP/1.1" 200 21782
::1 - - [16/Apr/2024:22:08:20 +0200] "GET /dolibarr/theme/eldy/style.css.php?lang=fr_BE&theme=eldy&userid=1&entity=1&layout=classic&version=19.0.1&revision=0 HTTP/1.1" 200 266491
::1 - - [16/Apr/2024:22:08:26 +0200] "GET /dolibarr/index.php?mainmenu=home&leftmenu=home HTTP/1.1" 302 -
::1 - - [16/Apr/2024:22:08:26 +0200] "GET /dolibarr/admin/index.php?mainmenu=home&leftmenu=setup&mesg=setupnotcomplete HTTP/1.1" 200 27784
::1 - - [16/Apr/2024:22:08:27 +0200] "GET /dolibarr/index.php?mainmenu=home&leftmenu=home HTTP/1.1" 302 -
::1 - - [16/Apr/2024:22:08:27 +0200] "GET /dolibarr/admin/index.php?mainmenu=home&leftmenu=setup&mesg=setupnotcomplete HTTP/1.1" 200 27784
::1 - - [16/Apr/2024:22:08:35 +0200] "GET /dolibarr/admin/tools/index.php?mainmenu=home&leftmenu=admintools HTTP/1.1" 200 26547
::1 - - [16/Apr/2024:22:08:39 +0200] "GET /dolibarr/admin/tools/index.php?mainmenu=home&leftmenu=admintools HTTP/1.1" 200 26547
::1 - - [16/Apr/2024:22:08:42 +0200] "GET /dolibarr/admin/index.php?mainmenu=home&leftmenu=setup HTTP/1.1" 200 27758
::1 - - [16/Apr/2024:22:08:46 +0200] "GET /dolibarr/admin/company.php?mainmenu=home&action=edit HTTP/1.1" 200 243014
::1 - - [16/Apr/2024:22:09:35 +0200] "-" 408 -
::1 - - [16/Apr/2024:22:09:45 +0200] "GET /dolibarr/theme/common/flags/flag-sprite.png HTTP/1.1" 200 79578
::1 - - [16/Apr/2024:22:09:50 +0200] "POST /dolibarr/admin/company.php HTTP/1.1" 200 158407
::1 - - [16/Apr/2024:22:10:50 +0200] "-" 408 -
::1 - - [16/Apr/2024:22:11:29 +0200] "POST /dolibarr/admin/company.php HTTP/1.1" 302 -
::1 - - [16/Apr/2024:22:11:33 +0200] "GET /dolibarr/admin/company.php?page_y=1672 HTTP/1.1" 200 159306
::1 - - [16/Apr/2024:22:11:38 +0200] "POST /dolibarr/admin/company.php HTTP/1.1" 302 -
::1 - - [16/Apr/2024:22:11:42 +0200] "POST /dolibarr/admin/company.php HTTP/1.1" 302 -
::1 - - [16/Apr/2024:22:11:46 +0200] "GET /dolibarr/admin/company.php?page_y=2472 HTTP/1.1" 200 159382
::1 - - [16/Apr/2024:22:11:53 +0200] "GET /dolibarr/admin/openinghours.php HTTP/1.1" 200 31606
::1 - - [16/Apr/2024:22:12:25 +0200] "POST /dolibarr/admin/openinghours.php HTTP/1.1" 302 -
::1 - - [16/Apr/2024:22:12:25 +0200] "GET /dolibarr/admin/openinghours.php HTTP/1.1" 200 32010
::1 - - [16/Apr/2024:22:12:28 +0200] "GET /dolibarr/admin/dolistore/css/dolistore.css HTTP/1.1" 200 4084
::1 - - [16/Apr/2024:22:12:34 +0200] "GET /dolibarr/theme/common/fontawesome-5/webfonts/fa-regular-400.woff2 HTTP/1.1" 200 13584
::1 - - [16/Apr/2024:22:12:35 +0200] "GET /dolibarr/theme/eldy/img/object_geoip.png HTTP/1.1" 200 4896
::1 - - [16/Apr/2024:22:12:35 +0200] "GET /dolibarr/paypal/img/object_paypal.png HTTP/1.1" 200 6962
::1 - - [16/Apr/2024:22:12:35 +0200] "GET /dolibarr/theme/common/fontawesome-5/webfonts/fa-brands-400.woff2 HTTP/1.1" 200 76612
::1 - - [16/Apr/2024:22:12:35 +0200] "GET /dolibarr/theme/eldy/img/object_gravatar.png HTTP/1.1" 200 4618
::1 - - [16/Apr/2024:22:12:27 +0200] "GET /dolibarr/admin/modules.php?mainmenu=home HTTP/1.1" 200 175801
::1 - - [16/Apr/2024:22:12:43 +0200] "GET /dolibarr/admin/modules.php?id=1&token=5181ff1a9d08d18475382b7af80379d0&module_position=09&action=set&token=5181ff1a9d08d18475382b7af80379d0&value=modSociete&mode=commonkanban&page_y=800 HTTP/1.1" 302 -
::1 - - [16/Apr/2024:22:12:45 +0200] "GET /dolibarr/admin/modules.php?mode=commonkanban&page_y=800 HTTP/1.1" 200 25294
::1 - - [16/Apr/2024:22:12:46 +0200] "GET /dolibarr/admin/modules.php?id=1&token=5181ff1a9d08d18475382b7af80379d0&module_position=09&action=set&token=5181ff1a9d08d18475382b7af80379d0&value=modSociete&mode=commonkanban&page_y=800 HTTP/1.1" 302 -
::1 - - [16/Apr/2024:22:12:47 +0200] "GET /dolibarr/admin/modules.php?id=1&token=5181ff1a9d08d18475382b7af80379d0&module_position=09&action=set&token=5181ff1a9d08d18475382b7af80379d0&value=modSociete&mode=commonkanban&page_y=800 HTTP/1.1" 302 -
::1 - - [16/Apr/2024:22:12:50 +0200] "GET /dolibarr/admin/modules.php?id=1&token=5181ff1a9d08d18475382b7af80379d0&module_position=09&action=set&token=5181ff1a9d08d18475382b7af80379d0&value=modSociete&mode=commonkanban&page_y=800 HTTP/1.1" 302 -
::1 - - [16/Apr/2024:22:12:54 +0200] "GET /dolibarr/admin/modules.php?mode=commonkanban&page_y=800 HTTP/1.1" 200 175700
::1 - - [16/Apr/2024:22:12:54 +0200] "GET /dolibarr/theme/eldy/style.css.php?lang=fr_BE&theme=eldy&userid=1&entity=1&layout=classic&version=19.0.1&revision=4 HTTP/1.1" 200 266491
::1 - - [16/Apr/2024:22:13:05 +0200] "GET /dolibarr/admin/modules.php?id=25&token=5181ff1a9d08d18475382b7af80379d0&module_position=11&action=set&token=5181ff1a9d08d18475382b7af80379d0&value=modCommande&mode=commonkanban&page_y=800 HTTP/1.1" 302 -
::1 - - [16/Apr/2024:22:13:07 +0200] "GET /dolibarr/admin/modules.php?mode=commonkanban&page_y=800 HTTP/1.1" 200 176783
::1 - - [16/Apr/2024:22:13:08 +0200] "GET /dolibarr/theme/eldy/style.css.php?lang=fr_BE&theme=eldy&userid=1&entity=1&layout=classic&version=19.0.1&revision=5 HTTP/1.1" 200 266491
::1 - - [16/Apr/2024:22:13:24 +0200] "GET /dolibarr/admin/modules.php?id=40&token=5181ff1a9d08d18475382b7af80379d0&module_position=12&action=set&token=5181ff1a9d08d18475382b7af80379d0&value=modFournisseur&mode=commonkanban&page_y=1446.6666259765625 HTTP/1.1" 302 -
::1 - - [16/Apr/2024:22:13:27 +0200] "GET /dolibarr/admin/modules.php?mode=commonkanban&page_y=1446.6666259765625 HTTP/1.1" 200 179100
::1 - - [16/Apr/2024:22:13:28 +0200] "GET /dolibarr/theme/eldy/style.css.php?lang=fr_BE&theme=eldy&userid=1&entity=1&layout=classic&version=19.0.1&revision=6 HTTP/1.1" 200 266491
::1 - - [16/Apr/2024:22:13:40 +0200] "GET /dolibarr/admin/modules.php?id=30&token=5181ff1a9d08d18475382b7af80379d0&module_position=11&action=set&token=5181ff1a9d08d18475382b7af80379d0&value=modFacture&mode=commonkanban&page_y=1728 HTTP/1.1" 302 -
::1 - - [16/Apr/2024:22:13:43 +0200] "GET /dolibarr/admin/modules.php?mode=commonkanban&page_y=1728 HTTP/1.1" 200 180221
::1 - - [16/Apr/2024:22:13:43 +0200] "GET /dolibarr/theme/eldy/style.css.php?lang=fr_BE&theme=eldy&userid=1&entity=1&layout=classic&version=19.0.1&revision=7 HTTP/1.1" 200 266491
::1 - - [16/Apr/2024:22:13:53 +0200] "GET /dolibarr/admin/modules.php?id=85&token=5181ff1a9d08d18475382b7af80379d0&module_position=51&action=set&token=5181ff1a9d08d18475382b7af80379d0&value=modBanque&mode=commonkanban&page_y=1728 HTTP/1.1" 302 -
::1 - - [16/Apr/2024:22:13:55 +0200] "GET /dolibarr/admin/modules.php?mode=commonkanban&page_y=1728 HTTP/1.1" 200 181435
::1 - - [16/Apr/2024:22:13:56 +0200] "GET /dolibarr/theme/eldy/style.css.php?lang=fr_BE&theme=eldy&userid=1&entity=1&layout=classic&version=19.0.1&revision=8 HTTP/1.1" 200 266491
::1 - - [16/Apr/2024:22:14:44 +0200] "GET /dolibarr HTTP/1.1" 301 319
::1 - - [16/Apr/2024:22:14:47 +0200] "GET /dolibarr/theme/eldy/img/refresh.png HTTP/1.1" 200 205
::1 - - [16/Apr/2024:22:14:44 +0200] "GET /dolibarr/ HTTP/1.1" 200 89410
::1 - - [16/Apr/2024:22:14:47 +0200] "GET /dolibarr/core/ajax/pingresult.php?hash_algo=dol_hash-sha256&hash_unique_id=ee21d1d0869b3fc13eba16686b7075b0dd7275f51faf4699b9ef39931fb718ab&action=firstpingok&token=5181ff1a9d08d18475382b7af80379d0&_=1713298485791 HTTP/1.1" 200 298
