2024-04-16 22:05:49 0 [Note] InnoDB: Compressed tables use zlib 1.2.11
2024-04-16 22:05:49 0 [Note] InnoDB: Number of pools: 1
2024-04-16 22:05:49 0 [Note] InnoDB: Using crc32 + pclmulqdq instructions
2024-04-16 22:05:49 0 [Note] InnoDB: Initializing buffer pool, total size = 15728640, chunk size = 15728640
2024-04-16 22:05:49 0 [Note] InnoDB: Completed initialization of buffer pool
2024-04-16 22:05:49 0 [Note] InnoDB: Resizing redo log from 100663296 to 10485760 bytes; LSN=42173
2024-04-16 22:05:49 0 [Note] InnoDB: Starting to delete and rewrite log file.
2024-04-16 22:05:49 0 [Note] InnoDB: Setting log file ./ib_logfile101 size to 10485760 bytes
2024-04-16 22:05:49 0 [Note] InnoDB: Renaming log file ./ib_logfile101 to ./ib_logfile0
2024-04-16 22:05:49 0 [Note] InnoDB: New log file created, LSN=42173
2024-04-16 22:05:49 0 [Note] InnoDB: 128 rollback segments are active.
2024-04-16 22:05:49 0 [Note] InnoDB: Creating shared tablespace for temporary tables
2024-04-16 22:05:49 0 [Note] InnoDB: Setting file './ibtmp1' size to 12 MB. Physically writing the file full; Please wait ...
2024-04-16 22:05:49 0 [Note] InnoDB: File './ibtmp1' size is now 12 MB.
2024-04-16 22:05:49 0 [Note] InnoDB: 10.6.5 started; log sequence number 42161; transaction id 14
2024-04-16 22:05:49 0 [Note] Plugin 'FEEDBACK' is disabled.
2024-04-16 22:05:49 0 [Note] InnoDB: Loading buffer pool(s) from c:\dolibarr\bin\mariadb\data\ib_buffer_pool
2024-04-16 22:05:49 0 [Warning] 'innodb-thread-concurrency' was removed. It does nothing now and exists only for compatibility with old my.cnf files.
2024-04-16 22:05:49 0 [Warning] 'innodb-thread-concurrency' was removed. It does nothing now and exists only for compatibility with old my.cnf files.
2024-04-16 22:05:49 0 [Note] Server socket created on IP: '::'.
2024-04-16 22:05:49 0 [Note] Server socket created on IP: '0.0.0.0'.
2024-04-16 22:05:49 0 [Note] InnoDB: Buffer pool(s) load completed at 240416 22:05:49
2024-04-16 22:05:49 0 [Note] c:\dolibarr\bin\mariadb\mariadb10.6.5\bin\mysqld.exe: ready for connections.
Version: '10.6.5-MariaDB'  socket: ''  port: 3306  mariadb.org binary distribution
